2018/01/29 21:08:53 [error] [php] Error while sending QUERY packet. PID=2645 (/var/web/framework/db/CDbCommand.php:508)
Stack trace:
#0 /var/web/framework/db/ar/CActiveRecord.php(1359): CDbCommand->queryRow()
#1 /var/web/framework/db/ar/CActiveRecord.php(1464): db_algos->query()
#2 /var/web/yaamp/core/common/libdbo.php(19): db_algos->find()
#3 /var/web/yaamp/core/backend/stats.php(227): getdbosql()
#4 /var/web/yaamp/modules/thread/CronjobController.php(77): BackendStatsUpdate()
#5 /var/web/framework/web/actions/CInlineAction.php(49): CronjobController->actionRunLoop2()
#6 /var/web/framework/web/CController.php(308): CInlineAction->runWithParams()
#7 /var/web/framework/web/CController.php(286): CronjobController->runAction()
#8 /var/web/framework/web/CController.php(265): CronjobController->runActionWithFilters()
#9 /var/web/yaamp/components/CYiimpConsoleApp.php(125): CronjobController->run()
#10 /var/web/runconsole.php(18): CYiimpConsoleApp->runController()

2018/01/29 16:47:30 [error] [php] include(ContactForm.php): failed to open stream: No such file or directory (/var/web/framework/YiiBase.php:441)
Stack trace:
#0 /var/web/yaamp/modules/site/SiteController.php(1208): spl_autoload_call()
#1 /var/web/framework/web/actions/CInlineAction.php(49): SiteController->actionContact()
#2 /var/web/framework/web/CController.php(308): CInlineAction->runWithParams()
#3 /var/web/framework/web/CController.php(286): SiteController->runAction()
#4 /var/web/framework/web/CController.php(265): SiteController->runActionWithFilters()
#5 /var/web/framework/web/CWebApplication.php(304): SiteController->run()
#6 /var/web/framework/web/CWebApplication.php(141): CWebApplication->runController()
#7 /var/web/framework/base/CApplication.php(185): CWebApplication->processRequest()
#8 /var/web/index.php(27): CWebApplication->run()
REQUEST_URI=/site/contact
2018/01/29 16:49:45 [error] [php] include(ContactForm.php): failed to open stream: No such file or directory (/var/web/framework/YiiBase.php:441)
Stack trace:
#0 /var/web/yaamp/modules/site/SiteController.php(1208): spl_autoload_call()
#1 /var/web/framework/web/actions/CInlineAction.php(49): SiteController->actionContact()
#2 /var/web/framework/web/CController.php(308): CInlineAction->runWithParams()
#3 /var/web/framework/web/CController.php(286): SiteController->runAction()
#4 /var/web/framework/web/CController.php(265): SiteController->runActionWithFilters()
#5 /var/web/framework/web/CWebApplication.php(304): SiteController->run()
#6 /var/web/framework/web/CWebApplication.php(141): CWebApplication->runController()
#7 /var/web/framework/base/CApplication.php(185): CWebApplication->processRequest()
#8 /var/web/index.php(27): CWebApplication->run()
REQUEST_URI=/site/contact
2018/01/29 16:50:04 [error] [php] include(ContactForm.php): failed to open stream: No such file or directory (/var/web/framework/YiiBase.php:441)
Stack trace:
#0 /var/web/yaamp/modules/site/SiteController.php(1208): spl_autoload_call()
#1 /var/web/framework/web/actions/CInlineAction.php(49): SiteController->actionContact()
#2 /var/web/framework/web/CController.php(308): CInlineAction->runWithParams()
#3 /var/web/framework/web/CController.php(286): SiteController->runAction()
#4 /var/web/framework/web/CController.php(265): SiteController->runActionWithFilters()
#5 /var/web/framework/web/CWebApplication.php(304): SiteController->run()
#6 /var/web/framework/web/CWebApplication.php(141): CWebApplication->runController()
#7 /var/web/framework/base/CApplication.php(185): CWebApplication->processRequest()
#8 /var/web/index.php(27): CWebApplication->run()
REQUEST_URI=/site/contact
2018/01/29 16:50:20 [error] [php] include(ContactForm.php): failed to open stream: No such file or directory (/var/web/framework/YiiBase.php:441)
Stack trace:
#0 /var/web/yaamp/modules/site/SiteController.php(1208): spl_autoload_call()
#1 /var/web/framework/web/actions/CInlineAction.php(49): SiteController->actionContact()
#2 /var/web/framework/web/CController.php(308): CInlineAction->runWithParams()
#3 /var/web/framework/web/CController.php(286): SiteController->runAction()
#4 /var/web/framework/web/CController.php(265): SiteController->runActionWithFilters()
#5 /var/web/framework/web/CWebApplication.php(304): SiteController->run()
#6 /var/web/framework/web/CWebApplication.php(141): CWebApplication->runController()
#7 /var/web/framework/base/CApplication.php(185): CWebApplication->processRequest()
#8 /var/web/index.php(27): CWebApplication->run()
REQUEST_URI=/site/contact
2018/01/29 16:50:22 [error] [php] include(ContactForm.php): failed to open stream: No such file or directory (/var/web/framework/YiiBase.php:441)
Stack trace:
#0 /var/web/yaamp/modules/site/SiteController.php(1208): spl_autoload_call()
#1 /var/web/framework/web/actions/CInlineAction.php(49): SiteController->actionContact()
#2 /var/web/framework/web/CController.php(308): CInlineAction->runWithParams()
#3 /var/web/framework/web/CController.php(286): SiteController->runAction()
#4 /var/web/framework/web/CController.php(265): SiteController->runActionWithFilters()
#5 /var/web/framework/web/CWebApplication.php(304): SiteController->run()
#6 /var/web/framework/web/CWebApplication.php(141): CWebApplication->runController()
#7 /var/web/framework/base/CApplication.php(185): CWebApplication->processRequest()
#8 /var/web/index.php(27): CWebApplication->run()
REQUEST_URI=/site/contact
2018/01/29 16:53:15 [error] [php] include(ContactForm.php): failed to open stream: No such file or directory (/var/web/framework/YiiBase.php:441)
Stack trace:
#0 /var/web/yaamp/modules/site/SiteController.php(1208): spl_autoload_call()
#1 /var/web/framework/web/actions/CInlineAction.php(49): SiteController->actionContact()
#2 /var/web/framework/web/CController.php(308): CInlineAction->runWithParams()
#3 /var/web/framework/web/CController.php(286): SiteController->runAction()
#4 /var/web/framework/web/CController.php(265): SiteController->runActionWithFilters()
#5 /var/web/framework/web/CWebApplication.php(304): SiteController->run()
#6 /var/web/framework/web/CWebApplication.php(141): CWebApplication->runController()
#7 /var/web/framework/base/CApplication.php(185): CWebApplication->processRequest()
#8 /var/web/index.php(27): CWebApplication->run()
REQUEST_URI=/site/contact
2018/01/29 16:53:16 [error] [php] include(ContactForm.php): failed to open stream: No such file or directory (/var/web/framework/YiiBase.php:441)
Stack trace:
#0 /var/web/yaamp/modules/site/SiteController.php(1208): spl_autoload_call()
#1 /var/web/framework/web/actions/CInlineAction.php(49): SiteController->actionContact()
#2 /var/web/framework/web/CController.php(308): CInlineAction->runWithParams()
#3 /var/web/framework/web/CController.php(286): SiteController->runAction()
#4 /var/web/framework/web/CController.php(265): SiteController->runActionWithFilters()
#5 /var/web/framework/web/CWebApplication.php(304): SiteController->run()
#6 /var/web/framework/web/CWebApplication.php(141): CWebApplication->runController()
#7 /var/web/framework/base/CApplication.php(185): CWebApplication->processRequest()
#8 /var/web/index.php(27): CWebApplication->run()
REQUEST_URI=/site/contact
2018/01/29 16:56:22 [error] [php] include(ContactForm.php): failed to open stream: No such file or directory (/var/web/framework/YiiBase.php:441)
Stack trace:
#0 /var/web/yaamp/modules/site/SiteController.php(1208): spl_autoload_call()
#1 /var/web/framework/web/actions/CInlineAction.php(49): SiteController->actionContact()
#2 /var/web/framework/web/CController.php(308): CInlineAction->runWithParams()
#3 /var/web/framework/web/CController.php(286): SiteController->runAction()
#4 /var/web/framework/web/CController.php(265): SiteController->runActionWithFilters()
#5 /var/web/framework/web/CWebApplication.php(304): SiteController->run()
#6 /var/web/framework/web/CWebApplication.php(141): CWebApplication->runController()
#7 /var/web/framework/base/CApplication.php(185): CWebApplication->processRequest()
#8 /var/web/index.php(27): CWebApplication->run()
REQUEST_URI=/site/contact
2018/01/29 16:56:23 [error] [php] include(ContactForm.php): failed to open stream: No such file or directory (/var/web/framework/YiiBase.php:441)
Stack trace:
#0 /var/web/yaamp/modules/site/SiteController.php(1208): spl_autoload_call()
#1 /var/web/framework/web/actions/CInlineAction.php(49): SiteController->actionContact()
#2 /var/web/framework/web/CController.php(308): CInlineAction->runWithParams()
#3 /var/web/framework/web/CController.php(286): SiteController->runAction()
#4 /var/web/framework/web/CController.php(265): SiteController->runActionWithFilters()
#5 /var/web/framework/web/CWebApplication.php(304): SiteController->run()
#6 /var/web/framework/web/CWebApplication.php(141): CWebApplication->runController()
#7 /var/web/framework/base/CApplication.php(185): CWebApplication->processRequest()
#8 /var/web/index.php(27): CWebApplication->run()
REQUEST_URI=/site/contact
2018/01/29 16:57:13 [error] [php] Undefined variable: model (/var/web/yaamp/modules/site/SiteController.php:1220)
Stack trace:
#0 /var/web/framework/web/CController.php(286): SiteController->runAction()
#1 /var/web/framework/web/CController.php(265): SiteController->runActionWithFilters()
#2 /var/web/framework/web/CWebApplication.php(304): SiteController->run()
#3 /var/web/framework/web/CWebApplication.php(141): CWebApplication->runController()
#4 /var/web/framework/base/CApplication.php(185): CWebApplication->processRequest()
#5 /var/web/index.php(27): CWebApplication->run()
REQUEST_URI=/site/contact
2018/01/29 16:57:52 [error] [php] include(ContactForm.php): failed to open stream: No such file or directory (/var/web/framework/YiiBase.php:441)
Stack trace:
#0 /var/web/yaamp/modules/site/SiteController.php(1208): spl_autoload_call()
#1 /var/web/framework/web/actions/CInlineAction.php(49): SiteController->actionContact()
#2 /var/web/framework/web/CController.php(308): CInlineAction->runWithParams()
#3 /var/web/framework/web/CController.php(286): SiteController->runAction()
#4 /var/web/framework/web/CController.php(265): SiteController->runActionWithFilters()
#5 /var/web/framework/web/CWebApplication.php(304): SiteController->run()
#6 /var/web/framework/web/CWebApplication.php(141): CWebApplication->runController()
#7 /var/web/framework/base/CApplication.php(185): CWebApplication->processRequest()
#8 /var/web/index.php(27): CWebApplication->run()
REQUEST_URI=/site/contact
2018/01/29 16:59:17 [error] [php] include(ContactForm.php): failed to open stream: No such file or directory (/var/web/framework/YiiBase.php:441)
Stack trace:
#0 /var/web/yaamp/modules/site/SiteController.php(1208): spl_autoload_call()
#1 /var/web/framework/web/actions/CInlineAction.php(49): SiteController->actionContact()
#2 /var/web/framework/web/CController.php(308): CInlineAction->runWithParams()
#3 /var/web/framework/web/CController.php(286): SiteController->runAction()
#4 /var/web/framework/web/CController.php(265): SiteController->runActionWithFilters()
#5 /var/web/framework/web/CWebApplication.php(304): SiteController->run()
#6 /var/web/framework/web/CWebApplication.php(141): CWebApplication->runController()
#7 /var/web/framework/base/CApplication.php(185): CWebApplication->processRequest()
#8 /var/web/index.php(27): CWebApplication->run()
REQUEST_URI=/site/contact
2018/01/29 17:01:24 [error] [php] include(ContactForm.php): failed to open stream: No such file or directory (/var/web/framework/YiiBase.php:441)
Stack trace:
#0 /var/web/yaamp/modules/site/SiteController.php(1208): spl_autoload_call()
#1 /var/web/framework/web/actions/CInlineAction.php(49): SiteController->actionContact()
#2 /var/web/framework/web/CController.php(308): CInlineAction->runWithParams()
#3 /var/web/framework/web/CController.php(286): SiteController->runAction()
#4 /var/web/framework/web/CController.php(265): SiteController->runActionWithFilters()
#5 /var/web/framework/web/CWebApplication.php(304): SiteController->run()
#6 /var/web/framework/web/CWebApplication.php(141): CWebApplication->runController()
#7 /var/web/framework/base/CApplication.php(185): CWebApplication->processRequest()
#8 /var/web/index.php(27): CWebApplication->run()
REQUEST_URI=/site/contact
2018/01/29 17:01:31 [error] [php] include(ContactForm.php): failed to open stream: No such file or directory (/var/web/framework/YiiBase.php:441)
Stack trace:
#0 /var/web/yaamp/modules/site/SiteController.php(1208): spl_autoload_call()
#1 /var/web/framework/web/actions/CInlineAction.php(49): SiteController->actionContact()
#2 /var/web/framework/web/CController.php(308): CInlineAction->runWithParams()
#3 /var/web/framework/web/CController.php(286): SiteController->runAction()
#4 /var/web/framework/web/CController.php(265): SiteController->runActionWithFilters()
#5 /var/web/framework/web/CWebApplication.php(304): SiteController->run()
#6 /var/web/framework/web/CWebApplication.php(141): CWebApplication->runController()
#7 /var/web/framework/base/CApplication.php(185): CWebApplication->processRequest()
#8 /var/web/index.php(27): CWebApplication->run()
REQUEST_URI=/site/contact
2018/01/29 17:02:06 [error] [php] include(ContactForm.php): failed to open stream: No such file or directory (/var/web/framework/YiiBase.php:441)
Stack trace:
#0 /var/web/yaamp/modules/site/SiteController.php(1208): spl_autoload_call()
#1 /var/web/framework/web/actions/CInlineAction.php(49): SiteController->actionContact()
#2 /var/web/framework/web/CController.php(308): CInlineAction->runWithParams()
#3 /var/web/framework/web/CController.php(286): SiteController->runAction()
#4 /var/web/framework/web/CController.php(265): SiteController->runActionWithFilters()
#5 /var/web/framework/web/CWebApplication.php(304): SiteController->run()
#6 /var/web/framework/web/CWebApplication.php(141): CWebApplication->runController()
#7 /var/web/framework/base/CApplication.php(185): CWebApplication->processRequest()
#8 /var/web/index.php(27): CWebApplication->run()
REQUEST_URI=/site/contact
2018/01/29 17:02:07 [error] [php] include(ContactForm.php): failed to open stream: No such file or directory (/var/web/framework/YiiBase.php:441)
Stack trace:
#0 /var/web/yaamp/modules/site/SiteController.php(1208): spl_autoload_call()
#1 /var/web/framework/web/actions/CInlineAction.php(49): SiteController->actionContact()
#2 /var/web/framework/web/CController.php(308): CInlineAction->runWithParams()
#3 /var/web/framework/web/CController.php(286): SiteController->runAction()
#4 /var/web/framework/web/CController.php(265): SiteController->runActionWithFilters()
#5 /var/web/framework/web/CWebApplication.php(304): SiteController->run()
#6 /var/web/framework/web/CWebApplication.php(141): CWebApplication->runController()
#7 /var/web/framework/base/CApplication.php(185): CWebApplication->processRequest()
#8 /var/web/index.php(27): CWebApplication->run()
REQUEST_URI=/site/contact
2018/01/29 17:02:07 [error] [php] include(ContactForm.php): failed to open stream: No such file or directory (/var/web/framework/YiiBase.php:441)
Stack trace:
#0 /var/web/yaamp/modules/site/SiteController.php(1208): spl_autoload_call()
#1 /var/web/framework/web/actions/CInlineAction.php(49): SiteController->actionContact()
#2 /var/web/framework/web/CController.php(308): CInlineAction->runWithParams()
#3 /var/web/framework/web/CController.php(286): SiteController->runAction()
#4 /var/web/framework/web/CController.php(265): SiteController->runActionWithFilters()
#5 /var/web/framework/web/CWebApplication.php(304): SiteController->run()
#6 /var/web/framework/web/CWebApplication.php(141): CWebApplication->runController()
#7 /var/web/framework/base/CApplication.php(185): CWebApplication->processRequest()
#8 /var/web/index.php(27): CWebApplication->run()
REQUEST_URI=/site/contact
2018/01/29 17:02:07 [error] [php] include(ContactForm.php): failed to open stream: No such file or directory (/var/web/framework/YiiBase.php:441)
Stack trace:
#0 /var/web/yaamp/modules/site/SiteController.php(1208): spl_autoload_call()
#1 /var/web/framework/web/actions/CInlineAction.php(49): SiteController->actionContact()
#2 /var/web/framework/web/CController.php(308): CInlineAction->runWithParams()
#3 /var/web/framework/web/CController.php(286): SiteController->runAction()
#4 /var/web/framework/web/CController.php(265): SiteController->runActionWithFilters()
#5 /var/web/framework/web/CWebApplication.php(304): SiteController->run()
#6 /var/web/framework/web/CWebApplication.php(141): CWebApplication->runController()
#7 /var/web/framework/base/CApplication.php(185): CWebApplication->processRequest()
#8 /var/web/index.php(27): CWebApplication->run()
REQUEST_URI=/site/contact
2018/01/29 17:02:07 [error] [php] include(ContactForm.php): failed to open stream: No such file or directory (/var/web/framework/YiiBase.php:441)
Stack trace:
#0 /var/web/yaamp/modules/site/SiteController.php(1208): spl_autoload_call()
#1 /var/web/framework/web/actions/CInlineAction.php(49): SiteController->actionContact()
#2 /var/web/framework/web/CController.php(308): CInlineAction->runWithParams()
#3 /var/web/framework/web/CController.php(286): SiteController->runAction()
#4 /var/web/framework/web/CController.php(265): SiteController->runActionWithFilters()
#5 /var/web/framework/web/CWebApplication.php(304): SiteController->run()
#6 /var/web/framework/web/CWebApplication.php(141): CWebApplication->runController()
#7 /var/web/framework/base/CApplication.php(185): CWebApplication->processRequest()
#8 /var/web/index.php(27): CWebApplication->run()
REQUEST_URI=/site/contact
2018/01/29 17:02:07 [error] [php] include(ContactForm.php): failed to open stream: No such file or directory (/var/web/framework/YiiBase.php:441)
Stack trace:
#0 /var/web/yaamp/modules/site/SiteController.php(1208): spl_autoload_call()
#1 /var/web/framework/web/actions/CInlineAction.php(49): SiteController->actionContact()
#2 /var/web/framework/web/CController.php(308): CInlineAction->runWithParams()
#3 /var/web/framework/web/CController.php(286): SiteController->runAction()
#4 /var/web/framework/web/CController.php(265): SiteController->runActionWithFilters()
#5 /var/web/framework/web/CWebApplication.php(304): SiteController->run()
#6 /var/web/framework/web/CWebApplication.php(141): CWebApplication->runController()
#7 /var/web/framework/base/CApplication.php(185): CWebApplication->processRequest()
#8 /var/web/index.php(27): CWebApplication->run()
REQUEST_URI=/site/contact
2018/01/29 17:05:32 [error] [php] include(ContactForm.php): failed to open stream: No such file or directory (/var/web/framework/YiiBase.php:441)
Stack trace:
#0 /var/web/yaamp/modules/site/SiteController.php(1208): spl_autoload_call()
#1 /var/web/framework/web/actions/CInlineAction.php(49): SiteController->actionContact()
#2 /var/web/framework/web/CController.php(308): CInlineAction->runWithParams()
#3 /var/web/framework/web/CController.php(286): SiteController->runAction()
#4 /var/web/framework/web/CController.php(265): SiteController->runActionWithFilters()
#5 /var/web/framework/web/CWebApplication.php(304): SiteController->run()
#6 /var/web/framework/web/CWebApplication.php(141): CWebApplication->runController()
#7 /var/web/framework/base/CApplication.php(185): CWebApplication->processRequest()
#8 /var/web/index.php(27): CWebApplication->run()
REQUEST_URI=/site/contact
2018/01/29 17:05:33 [error] [php] include(ContactForm.php): failed to open stream: No such file or directory (/var/web/framework/YiiBase.php:441)
Stack trace:
#0 /var/web/yaamp/modules/site/SiteController.php(1208): spl_autoload_call()
#1 /var/web/framework/web/actions/CInlineAction.php(49): SiteController->actionContact()
#2 /var/web/framework/web/CController.php(308): CInlineAction->runWithParams()
#3 /var/web/framework/web/CController.php(286): SiteController->runAction()
#4 /var/web/framework/web/CController.php(265): SiteController->runActionWithFilters()
#5 /var/web/framework/web/CWebApplication.php(304): SiteController->run()
#6 /var/web/framework/web/CWebApplication.php(141): CWebApplication->runController()
#7 /var/web/framework/base/CApplication.php(185): CWebApplication->processRequest()
#8 /var/web/index.php(27): CWebApplication->run()
REQUEST_URI=/site/contact
2018/01/29 17:06:06 [error] [php] include(ContactForm.php): failed to open stream: No such file or directory (/var/web/framework/YiiBase.php:441)
Stack trace:
#0 /var/web/yaamp/modules/site/SiteController.php(1208): spl_autoload_call()
#1 /var/web/framework/web/actions/CInlineAction.php(49): SiteController->actionContact()
#2 /var/web/framework/web/CController.php(308): CInlineAction->runWithParams()
#3 /var/web/framework/web/CController.php(286): SiteController->runAction()
#4 /var/web/framework/web/CController.php(265): SiteController->runActionWithFilters()
#5 /var/web/framework/web/CWebApplication.php(304): SiteController->run()
#6 /var/web/framework/web/CWebApplication.php(141): CWebApplication->runController()
#7 /var/web/framework/base/CApplication.php(185): CWebApplication->processRequest()
#8 /var/web/index.php(27): CWebApplication->run()
REQUEST_URI=/site/contact
2018/01/29 17:06:07 [error] [php] include(ContactForm.php): failed to open stream: No such file or directory (/var/web/framework/YiiBase.php:441)
Stack trace:
#0 /var/web/yaamp/modules/site/SiteController.php(1208): spl_autoload_call()
#1 /var/web/framework/web/actions/CInlineAction.php(49): SiteController->actionContact()
#2 /var/web/framework/web/CController.php(308): CInlineAction->runWithParams()
#3 /var/web/framework/web/CController.php(286): SiteController->runAction()
#4 /var/web/framework/web/CController.php(265): SiteController->runActionWithFilters()
#5 /var/web/framework/web/CWebApplication.php(304): SiteController->run()
#6 /var/web/framework/web/CWebApplication.php(141): CWebApplication->runController()
#7 /var/web/framework/base/CApplication.php(185): CWebApplication->processRequest()
#8 /var/web/index.php(27): CWebApplication->run()
REQUEST_URI=/site/contact
2018/01/29 17:06:45 [error] [php] include(db_contactForm.php): failed to open stream: No such file or directory (/var/web/framework/YiiBase.php:441)
Stack trace:
#0 /var/web/yaamp/modules/site/SiteController.php(1208): spl_autoload_call()
#1 /var/web/framework/web/actions/CInlineAction.php(49): SiteController->actionContact()
#2 /var/web/framework/web/CController.php(308): CInlineAction->runWithParams()
#3 /var/web/framework/web/CController.php(286): SiteController->runAction()
#4 /var/web/framework/web/CController.php(265): SiteController->runActionWithFilters()
#5 /var/web/framework/web/CWebApplication.php(304): SiteController->run()
#6 /var/web/framework/web/CWebApplication.php(141): CWebApplication->runController()
#7 /var/web/framework/base/CApplication.php(185): CWebApplication->processRequest()
#8 /var/web/index.php(27): CWebApplication->run()
REQUEST_URI=/site/contact
2018/01/29 17:07:36 [error] [php] include(db_contactForm.php): failed to open stream: No such file or directory (/var/web/framework/YiiBase.php:441)
Stack trace:
#0 /var/web/yaamp/modules/site/SiteController.php(1208): spl_autoload_call()
#1 /var/web/framework/web/actions/CInlineAction.php(49): SiteController->actionContact()
#2 /var/web/framework/web/CController.php(308): CInlineAction->runWithParams()
#3 /var/web/framework/web/CController.php(286): SiteController->runAction()
#4 /var/web/framework/web/CController.php(265): SiteController->runActionWithFilters()
#5 /var/web/framework/web/CWebApplication.php(304): SiteController->run()
#6 /var/web/framework/web/CWebApplication.php(141): CWebApplication->runController()
#7 /var/web/framework/base/CApplication.php(185): CWebApplication->processRequest()
#8 /var/web/index.php(27): CWebApplication->run()
REQUEST_URI=/site/contact
2018/01/29 17:07:38 [error] [php] include(db_contactForm.php): failed to open stream: No such file or directory (/var/web/framework/YiiBase.php:441)
Stack trace:
#0 /var/web/yaamp/modules/site/SiteController.php(1208): spl_autoload_call()
#1 /var/web/framework/web/actions/CInlineAction.php(49): SiteController->actionContact()
#2 /var/web/framework/web/CController.php(308): CInlineAction->runWithParams()
#3 /var/web/framework/web/CController.php(286): SiteController->runAction()
#4 /var/web/framework/web/CController.php(265): SiteController->runActionWithFilters()
#5 /var/web/framework/web/CWebApplication.php(304): SiteController->run()
#6 /var/web/framework/web/CWebApplication.php(141): CWebApplication->runController()
#7 /var/web/framework/base/CApplication.php(185): CWebApplication->processRequest()
#8 /var/web/index.php(27): CWebApplication->run()
REQUEST_URI=/site/contact
2018/01/29 17:08:03 [error] [php] include(db_contactForm.php): failed to open stream: No such file or directory (/var/web/framework/YiiBase.php:441)
Stack trace:
#0 /var/web/yaamp/modules/site/SiteController.php(1208): spl_autoload_call()
#1 /var/web/framework/web/actions/CInlineAction.php(49): SiteController->actionContact()
#2 /var/web/framework/web/CController.php(308): CInlineAction->runWithParams()
#3 /var/web/framework/web/CController.php(286): SiteController->runAction()
#4 /var/web/framework/web/CController.php(265): SiteController->runActionWithFilters()
#5 /var/web/framework/web/CWebApplication.php(304): SiteController->run()
#6 /var/web/framework/web/CWebApplication.php(141): CWebApplication->runController()
#7 /var/web/framework/base/CApplication.php(185): CWebApplication->processRequest()
#8 /var/web/index.php(27): CWebApplication->run()
REQUEST_URI=/site/contact
2018/01/29 17:09:23 [error] [php] include(db_contactForm.php): failed to open stream: No such file or directory (/var/web/framework/YiiBase.php:441)
Stack trace:
#0 /var/web/yaamp/modules/site/SiteController.php(1208): spl_autoload_call()
#1 /var/web/framework/web/actions/CInlineAction.php(49): SiteController->actionContact()
#2 /var/web/framework/web/CController.php(308): CInlineAction->runWithParams()
#3 /var/web/framework/web/CController.php(286): SiteController->runAction()
#4 /var/web/framework/web/CController.php(265): SiteController->runActionWithFilters()
#5 /var/web/framework/web/CWebApplication.php(304): SiteController->run()
#6 /var/web/framework/web/CWebApplication.php(141): CWebApplication->runController()
#7 /var/web/framework/base/CApplication.php(185): CWebApplication->processRequest()
#8 /var/web/index.php(27): CWebApplication->run()
REQUEST_URI=/site/contact
2018/01/29 17:10:15 [error] [php] include(db_contactForm.php): failed to open stream: No such file or directory (/var/web/framework/YiiBase.php:441)
Stack trace:
#0 /var/web/yaamp/modules/site/SiteController.php(1208): spl_autoload_call()
#1 /var/web/framework/web/actions/CInlineAction.php(49): SiteController->actionContact()
#2 /var/web/framework/web/CController.php(308): CInlineAction->runWithParams()
#3 /var/web/framework/web/CController.php(286): SiteController->runAction()
#4 /var/web/framework/web/CController.php(265): SiteController->runActionWithFilters()
#5 /var/web/framework/web/CWebApplication.php(304): SiteController->run()
#6 /var/web/framework/web/CWebApplication.php(141): CWebApplication->runController()
#7 /var/web/framework/base/CApplication.php(185): CWebApplication->processRequest()
#8 /var/web/index.php(27): CWebApplication->run()
REQUEST_URI=/site/contact
2018/01/29 17:11:14 [error] [exception.Error] Error: Class 'db_contact' not found in /var/web/yaamp/modules/site/SiteController.php:1208
Stack trace:
#0 /var/web/framework/web/actions/CInlineAction.php(49): SiteController->actionContact()
#1 /var/web/framework/web/CController.php(308): CInlineAction->runWithParams(Array)
#2 /var/web/framework/web/CController.php(286): CController->runAction(Object(CInlineAction))
#3 /var/web/framework/web/CController.php(265): CController->runActionWithFilters(Object(CInlineAction), Array)
#4 /var/web/framework/web/CWebApplication.php(304): CController->run('contact')
#5 /var/web/framework/web/CWebApplication.php(141): CWebApplication->runController('site/contact')
#6 /var/web/framework/base/CApplication.php(185): CWebApplication->processRequest()
#7 /var/web/index.php(27): CApplication->run()
#8 {main}
REQUEST_URI=/site/contact
---
2018/01/29 17:12:09 [error] [exception.Error] Error: Class 'db_contact' not found in /var/web/yaamp/modules/site/SiteController.php:1208
Stack trace:
#0 /var/web/framework/web/actions/CInlineAction.php(49): SiteController->actionContact()
#1 /var/web/framework/web/CController.php(308): CInlineAction->runWithParams(Array)
#2 /var/web/framework/web/CController.php(286): CController->runAction(Object(CInlineAction))
#3 /var/web/framework/web/CController.php(265): CController->runActionWithFilters(Object(CInlineAction), Array)
#4 /var/web/framework/web/CWebApplication.php(304): CController->run('contact')
#5 /var/web/framework/web/CWebApplication.php(141): CWebApplication->runController('site/contact')
#6 /var/web/framework/base/CApplication.php(185): CWebApplication->processRequest()
#7 /var/web/index.php(27): CApplication->run()
#8 {main}
REQUEST_URI=/site/contact
---
2018/01/29 17:12:35 [error] [php] Undefined index: db_contact (/var/web/yaamp/modules/site/SiteController.php:1211)
Stack trace:
#0 /var/web/framework/web/CController.php(286): SiteController->runAction()
#1 /var/web/framework/web/CController.php(265): SiteController->runActionWithFilters()
#2 /var/web/framework/web/CWebApplication.php(304): SiteController->run()
#3 /var/web/framework/web/CWebApplication.php(141): CWebApplication->runController()
#4 /var/web/framework/base/CApplication.php(185): CWebApplication->processRequest()
#5 /var/web/index.php(27): CWebApplication->run()
REQUEST_URI=/site/contact
2018/01/29 17:12:37 [error] [php] Undefined index: db_contact (/var/web/yaamp/modules/site/SiteController.php:1211)
Stack trace:
#0 /var/web/framework/web/CController.php(286): SiteController->runAction()
#1 /var/web/framework/web/CController.php(265): SiteController->runActionWithFilters()
#2 /var/web/framework/web/CWebApplication.php(304): SiteController->run()
#3 /var/web/framework/web/CWebApplication.php(141): CWebApplication->runController()
#4 /var/web/framework/base/CApplication.php(185): CWebApplication->processRequest()
#5 /var/web/index.php(27): CWebApplication->run()
REQUEST_URI=/site/contact
